2022-2022-05 10:54 [WARN][HikariPool-1 housekeeper][c.z.h.p.HikariPool:788] HikariPool-1 - Thread starvation or clock leap detected (housekeeper delta=11h17m13s772ms499µs900ns).
2022-2022-05 11:15 [INFO][SpringApplicationShutdownHook][o.s.o.j.LocalContainerEntityManagerFactoryBean:651] Closing JPA EntityManagerFactory for persistence unit 'default'
2022-2022-05 11:15 [INFO][SpringApplicationShutdownHook][c.z.h.HikariDataSource:350] HikariPool-1 - Shutdown initiated...
2022-2022-05 11:15 [INFO][SpringApplicationShutdownHook][c.z.h.HikariDataSource:352] HikariPool-1 - Shutdown completed.
2022-2022-05 11:15 [INFO][restartedMain][c.e.b.BookStoreApplication:55] Starting BookStoreApplication using Java 17.0.2 on Moin with PID 19776 (C:\Users\Moinuddin\Documents\Assignments\BookStore\target\classes started by Moinuddin in C:\Users\Moinuddin\Documents\Assignments\BookStore)
2022-2022-05 11:15 [INFO][restartedMain][c.e.b.BookStoreApplication:640] The following 1 profile is active: "dev"
2022-2022-05 11:15 [INFO][restartedMain][o.s.b.d.e.DevToolsPropertyDefaultsPostProcessor:255] Devtools property defaults active! Set 'spring.devtools.add-properties' to 'false' to disable
2022-2022-05 11:15 [INFO][restartedMain][o.s.b.d.e.DevToolsPropertyDefaultsPostProcessor:255] For additional web related logging consider setting the 'logging.level.web' property to 'DEBUG'
2022-2022-05 11:15 [INFO][restartedMain][o.s.d.r.c.RepositoryConfigurationDelegate:132] Bootstrapping Spring Data JPA repositories in DEFAULT mode.
2022-2022-05 11:15 [INFO][restartedMain][o.s.d.r.c.RepositoryConfigurationDelegate:201] Finished Spring Data repository scanning in 190 ms. Found 2 JPA repository interfaces.
2022-2022-05 11:15 [INFO][restartedMain][o.s.b.w.e.t.TomcatWebServer:108] Tomcat initialized with port(s): 8080 (http)
2022-2022-05 11:15 [INFO][restartedMain][o.a.c.c.StandardService:173] Starting service [Tomcat]
2022-2022-05 11:15 [INFO][restartedMain][o.a.c.c.StandardEngine:173] Starting Servlet engine: [Apache Tomcat/9.0.63]
2022-2022-05 11:16 [INFO][restartedMain][o.a.c.c.C.[.[.[/]:173] Initializing Spring embedded WebApplicationContext
2022-2022-05 11:16 [INFO][restartedMain][o.s.b.w.s.c.ServletWebServerApplicationContext:292] Root WebApplicationContext: initialization completed in 3598 ms
2022-2022-05 11:16 [INFO][restartedMain][o.h.j.i.u.LogHelper:31] HHH000204: Processing PersistenceUnitInfo [name: default]
2022-2022-05 11:16 [INFO][restartedMain][o.h.Version:44] HHH000412: Hibernate ORM core version 5.6.9.Final
2022-2022-05 11:16 [INFO][restartedMain][o.h.a.c.Version:56] HCANN000001: Hibernate Commons Annotations {5.1.2.Final}
2022-2022-05 11:16 [INFO][restartedMain][c.z.h.HikariDataSource:110] HikariPool-1 - Starting...
2022-2022-05 11:16 [INFO][restartedMain][c.z.h.HikariDataSource:123] HikariPool-1 - Start completed.
2022-2022-05 11:16 [INFO][restartedMain][o.h.d.Dialect:175] HHH000400: Using dialect: org.hibernate.dialect.MySQL8Dialect
2022-2022-05 11:16 [ERROR][restartedMain][o.s.o.j.LocalContainerEntityManagerFactoryBean:426] Failed to initialize JPA EntityManagerFactory: Unknown mappedBy in: com.example.bookstore.entity.Cart.user, referenced property unknown: com.example.bookstore.entity.User.cart
2022-2022-05 11:16 [WARN][restartedMain][o.s.b.w.s.c.AnnotationConfigServletWebServerApplicationContext:591] Exception encountered during context initialization - cancelling refresh attempt: org.springframework.beans.factory.BeanCreationException: Error creating bean with name 'entityManagerFactory' defined in class path resource [org/springframework/boot/autoconfigure/orm/jpa/HibernateJpaConfiguration.class]: Invocation of init method failed; nested exception is org.hibernate.AnnotationException: Unknown mappedBy in: com.example.bookstore.entity.Cart.user, referenced property unknown: com.example.bookstore.entity.User.cart
2022-2022-05 11:16 [INFO][restartedMain][c.z.h.HikariDataSource:350] HikariPool-1 - Shutdown initiated...
2022-2022-05 11:16 [INFO][restartedMain][c.z.h.HikariDataSource:352] HikariPool-1 - Shutdown completed.
2022-2022-05 11:16 [INFO][restartedMain][o.a.c.c.StandardService:173] Stopping service [Tomcat]
2022-2022-05 11:16 [INFO][restartedMain][o.s.b.a.l.ConditionEvaluationReportLoggingListener:136] 

Error starting ApplicationContext. To display the conditions report re-run your application with 'debug' enabled.
2022-2022-05 11:16 [ERROR][restartedMain][o.s.b.SpringApplication:824] Application run failed
org.springframework.beans.factory.BeanCreationException: Error creating bean with name 'entityManagerFactory' defined in class path resource [org/springframework/boot/autoconfigure/orm/jpa/HibernateJpaConfiguration.class]: Invocation of init method failed; nested exception is org.hibernate.AnnotationException: Unknown mappedBy in: com.example.bookstore.entity.Cart.user, referenced property unknown: com.example.bookstore.entity.User.cart
	at org.springframework.beans.factory.support.AbstractAutowireCapableBeanFactory.initializeBean(AbstractAutowireCapableBeanFactory.java:1804)
	at org.springframework.beans.factory.support.AbstractAutowireCapableBeanFactory.doCreateBean(AbstractAutowireCapableBeanFactory.java:620)
	at org.springframework.beans.factory.support.AbstractAutowireCapableBeanFactory.createBean(AbstractAutowireCapableBeanFactory.java:542)
	at org.springframework.beans.factory.support.AbstractBeanFactory.lambda$doGetBean$0(AbstractBeanFactory.java:335)
	at org.springframework.beans.factory.support.DefaultSingletonBeanRegistry.getSingleton(DefaultSingletonBeanRegistry.java:234)
	at org.springframework.beans.factory.support.AbstractBeanFactory.doGetBean(AbstractBeanFactory.java:333)
	at org.springframework.beans.factory.support.AbstractBeanFactory.getBean(AbstractBeanFactory.java:208)
	at org.springframework.context.support.AbstractApplicationContext.getBean(AbstractApplicationContext.java:1154)
	at org.springframework.context.support.AbstractApplicationContext.finishBeanFactoryInitialization(AbstractApplicationContext.java:908)
	at org.springframework.context.support.AbstractApplicationContext.refresh(AbstractApplicationContext.java:583)
	at org.springframework.boot.web.servlet.context.ServletWebServerApplicationContext.refresh(ServletWebServerApplicationContext.java:147)
	at org.springframework.boot.SpringApplication.refresh(SpringApplication.java:734)
	at org.springframework.boot.SpringApplication.refreshContext(SpringApplication.java:408)
	at org.springframework.boot.SpringApplication.run(SpringApplication.java:308)
	at org.springframework.boot.SpringApplication.run(SpringApplication.java:1306)
	at org.springframework.boot.SpringApplication.run(SpringApplication.java:1295)
	at com.example.bookstore.BookStoreApplication.main(BookStoreApplication.java:10)
	at java.base/jdk.internal.reflect.NativeMethodAccessorImpl.invoke0(Native Method)
	at java.base/jdk.internal.reflect.NativeMethodAccessorImpl.invoke(NativeMethodAccessorImpl.java:77)
	at java.base/jdk.internal.reflect.DelegatingMethodAccessorImpl.invoke(DelegatingMethodAccessorImpl.java:43)
	at java.base/java.lang.reflect.Method.invoke(Method.java:568)
	at org.springframework.boot.devtools.restart.RestartLauncher.run(RestartLauncher.java:49)
Caused by: org.hibernate.AnnotationException: Unknown mappedBy in: com.example.bookstore.entity.Cart.user, referenced property unknown: com.example.bookstore.entity.User.cart
	at org.hibernate.cfg.OneToOneSecondPass.doSecondPass(OneToOneSecondPass.java:170)
	at org.hibernate.boot.internal.InFlightMetadataCollectorImpl.processSecondPasses(InFlightMetadataCollectorImpl.java:1653)
	at org.hibernate.boot.internal.InFlightMetadataCollectorImpl.processSecondPasses(InFlightMetadataCollectorImpl.java:1629)
	at org.hibernate.boot.model.process.spi.MetadataBuildingProcess.complete(MetadataBuildingProcess.java:295)
	at org.hibernate.jpa.boot.internal.EntityManagerFactoryBuilderImpl.metadata(EntityManagerFactoryBuilderImpl.java:1460)
	at org.hibernate.jpa.boot.internal.EntityManagerFactoryBuilderImpl.build(EntityManagerFactoryBuilderImpl.java:1494)
	at org.springframework.orm.jpa.vendor.SpringHibernateJpaPersistenceProvider.createContainerEntityManagerFactory(SpringHibernateJpaPersistenceProvider.java:58)
	at org.springframework.orm.jpa.LocalContainerEntityManagerFactoryBean.createNativeEntityManagerFactory(LocalContainerEntityManagerFactoryBean.java:365)
	at org.springframework.orm.jpa.AbstractEntityManagerFactoryBean.buildNativeEntityManagerFactory(AbstractEntityManagerFactoryBean.java:409)
	at org.springframework.orm.jpa.AbstractEntityManagerFactoryBean.afterPropertiesSet(AbstractEntityManagerFactoryBean.java:396)
	at org.springframework.orm.jpa.LocalContainerEntityManagerFactoryBean.afterPropertiesSet(LocalContainerEntityManagerFactoryBean.java:341)
	at org.springframework.beans.factory.support.AbstractAutowireCapableBeanFactory.invokeInitMethods(AbstractAutowireCapableBeanFactory.java:1863)
	at org.springframework.beans.factory.support.AbstractAutowireCapableBeanFactory.initializeBean(AbstractAutowireCapableBeanFactory.java:1800)
	... 21 common frames omitted
2022-2022-05 11:28 [INFO][restartedMain][c.e.b.BookStoreApplication:55] Starting BookStoreApplication using Java 17.0.2 on Moin with PID 11144 (C:\Users\Moinuddin\Documents\Assignments\BookStore\target\classes started by Moinuddin in C:\Users\Moinuddin\Documents\Assignments\BookStore)
2022-2022-05 11:28 [INFO][restartedMain][c.e.b.BookStoreApplication:640] The following 1 profile is active: "dev"
2022-2022-05 11:28 [INFO][restartedMain][o.s.b.d.e.DevToolsPropertyDefaultsPostProcessor:255] Devtools property defaults active! Set 'spring.devtools.add-properties' to 'false' to disable
2022-2022-05 11:28 [INFO][restartedMain][o.s.b.d.e.DevToolsPropertyDefaultsPostProcessor:255] For additional web related logging consider setting the 'logging.level.web' property to 'DEBUG'
2022-2022-05 11:28 [INFO][restartedMain][o.s.d.r.c.RepositoryConfigurationDelegate:132] Bootstrapping Spring Data JPA repositories in DEFAULT mode.
2022-2022-05 11:28 [INFO][restartedMain][o.s.d.r.c.RepositoryConfigurationDelegate:201] Finished Spring Data repository scanning in 177 ms. Found 3 JPA repository interfaces.
2022-2022-05 11:28 [INFO][restartedMain][o.s.b.w.e.t.TomcatWebServer:108] Tomcat initialized with port(s): 8080 (http)
2022-2022-05 11:28 [INFO][restartedMain][o.a.c.c.StandardService:173] Starting service [Tomcat]
2022-2022-05 11:28 [INFO][restartedMain][o.a.c.c.StandardEngine:173] Starting Servlet engine: [Apache Tomcat/9.0.63]
2022-2022-05 11:28 [INFO][restartedMain][o.a.c.c.C.[.[.[/]:173] Initializing Spring embedded WebApplicationContext
2022-2022-05 11:28 [INFO][restartedMain][o.s.b.w.s.c.ServletWebServerApplicationContext:292] Root WebApplicationContext: initialization completed in 3275 ms
2022-2022-05 11:28 [INFO][restartedMain][o.h.j.i.u.LogHelper:31] HHH000204: Processing PersistenceUnitInfo [name: default]
2022-2022-05 11:28 [INFO][restartedMain][o.h.Version:44] HHH000412: Hibernate ORM core version 5.6.9.Final
2022-2022-05 11:28 [INFO][restartedMain][o.h.a.c.Version:56] HCANN000001: Hibernate Commons Annotations {5.1.2.Final}
2022-2022-05 11:28 [INFO][restartedMain][c.z.h.HikariDataSource:110] HikariPool-1 - Starting...
2022-2022-05 11:28 [INFO][restartedMain][c.z.h.HikariDataSource:123] HikariPool-1 - Start completed.
2022-2022-05 11:28 [INFO][restartedMain][o.h.d.Dialect:175] HHH000400: Using dialect: org.hibernate.dialect.MySQL8Dialect
2022-2022-05 11:28 [ERROR][restartedMain][o.s.o.j.LocalContainerEntityManagerFactoryBean:426] Failed to initialize JPA EntityManagerFactory: Unknown mappedBy in: com.example.bookstore.entity.Cart.user, referenced property unknown: com.example.bookstore.entity.User.cart
2022-2022-05 11:28 [WARN][restartedMain][o.s.b.w.s.c.AnnotationConfigServletWebServerApplicationContext:591] Exception encountered during context initialization - cancelling refresh attempt: org.springframework.beans.factory.BeanCreationException: Error creating bean with name 'entityManagerFactory' defined in class path resource [org/springframework/boot/autoconfigure/orm/jpa/HibernateJpaConfiguration.class]: Invocation of init method failed; nested exception is org.hibernate.AnnotationException: Unknown mappedBy in: com.example.bookstore.entity.Cart.user, referenced property unknown: com.example.bookstore.entity.User.cart
2022-2022-05 11:28 [INFO][restartedMain][c.z.h.HikariDataSource:350] HikariPool-1 - Shutdown initiated...
2022-2022-05 11:28 [INFO][restartedMain][c.z.h.HikariDataSource:352] HikariPool-1 - Shutdown completed.
2022-2022-05 11:28 [INFO][restartedMain][o.a.c.c.StandardService:173] Stopping service [Tomcat]
2022-2022-05 11:28 [INFO][restartedMain][o.s.b.a.l.ConditionEvaluationReportLoggingListener:136] 

Error starting ApplicationContext. To display the conditions report re-run your application with 'debug' enabled.
2022-2022-05 11:28 [ERROR][restartedMain][o.s.b.SpringApplication:824] Application run failed
org.springframework.beans.factory.BeanCreationException: Error creating bean with name 'entityManagerFactory' defined in class path resource [org/springframework/boot/autoconfigure/orm/jpa/HibernateJpaConfiguration.class]: Invocation of init method failed; nested exception is org.hibernate.AnnotationException: Unknown mappedBy in: com.example.bookstore.entity.Cart.user, referenced property unknown: com.example.bookstore.entity.User.cart
	at org.springframework.beans.factory.support.AbstractAutowireCapableBeanFactory.initializeBean(AbstractAutowireCapableBeanFactory.java:1804)
	at org.springframework.beans.factory.support.AbstractAutowireCapableBeanFactory.doCreateBean(AbstractAutowireCapableBeanFactory.java:620)
	at org.springframework.beans.factory.support.AbstractAutowireCapableBeanFactory.createBean(AbstractAutowireCapableBeanFactory.java:542)
	at org.springframework.beans.factory.support.AbstractBeanFactory.lambda$doGetBean$0(AbstractBeanFactory.java:335)
	at org.springframework.beans.factory.support.DefaultSingletonBeanRegistry.getSingleton(DefaultSingletonBeanRegistry.java:234)
	at org.springframework.beans.factory.support.AbstractBeanFactory.doGetBean(AbstractBeanFactory.java:333)
	at org.springframework.beans.factory.support.AbstractBeanFactory.getBean(AbstractBeanFactory.java:208)
	at org.springframework.context.support.AbstractApplicationContext.getBean(AbstractApplicationContext.java:1154)
	at org.springframework.context.support.AbstractApplicationContext.finishBeanFactoryInitialization(AbstractApplicationContext.java:908)
	at org.springframework.context.support.AbstractApplicationContext.refresh(AbstractApplicationContext.java:583)
	at org.springframework.boot.web.servlet.context.ServletWebServerApplicationContext.refresh(ServletWebServerApplicationContext.java:147)
	at org.springframework.boot.SpringApplication.refresh(SpringApplication.java:734)
	at org.springframework.boot.SpringApplication.refreshContext(SpringApplication.java:408)
	at org.springframework.boot.SpringApplication.run(SpringApplication.java:308)
	at org.springframework.boot.SpringApplication.run(SpringApplication.java:1306)
	at org.springframework.boot.SpringApplication.run(SpringApplication.java:1295)
	at com.example.bookstore.BookStoreApplication.main(BookStoreApplication.java:10)
	at java.base/jdk.internal.reflect.NativeMethodAccessorImpl.invoke0(Native Method)
	at java.base/jdk.internal.reflect.NativeMethodAccessorImpl.invoke(NativeMethodAccessorImpl.java:77)
	at java.base/jdk.internal.reflect.DelegatingMethodAccessorImpl.invoke(DelegatingMethodAccessorImpl.java:43)
	at java.base/java.lang.reflect.Method.invoke(Method.java:568)
	at org.springframework.boot.devtools.restart.RestartLauncher.run(RestartLauncher.java:49)
Caused by: org.hibernate.AnnotationException: Unknown mappedBy in: com.example.bookstore.entity.Cart.user, referenced property unknown: com.example.bookstore.entity.User.cart
	at org.hibernate.cfg.OneToOneSecondPass.doSecondPass(OneToOneSecondPass.java:170)
	at org.hibernate.boot.internal.InFlightMetadataCollectorImpl.processSecondPasses(InFlightMetadataCollectorImpl.java:1653)
	at org.hibernate.boot.internal.InFlightMetadataCollectorImpl.processSecondPasses(InFlightMetadataCollectorImpl.java:1629)
	at org.hibernate.boot.model.process.spi.MetadataBuildingProcess.complete(MetadataBuildingProcess.java:295)
	at org.hibernate.jpa.boot.internal.EntityManagerFactoryBuilderImpl.metadata(EntityManagerFactoryBuilderImpl.java:1460)
	at org.hibernate.jpa.boot.internal.EntityManagerFactoryBuilderImpl.build(EntityManagerFactoryBuilderImpl.java:1494)
	at org.springframework.orm.jpa.vendor.SpringHibernateJpaPersistenceProvider.createContainerEntityManagerFactory(SpringHibernateJpaPersistenceProvider.java:58)
	at org.springframework.orm.jpa.LocalContainerEntityManagerFactoryBean.createNativeEntityManagerFactory(LocalContainerEntityManagerFactoryBean.java:365)
	at org.springframework.orm.jpa.AbstractEntityManagerFactoryBean.buildNativeEntityManagerFactory(AbstractEntityManagerFactoryBean.java:409)
	at org.springframework.orm.jpa.AbstractEntityManagerFactoryBean.afterPropertiesSet(AbstractEntityManagerFactoryBean.java:396)
	at org.springframework.orm.jpa.LocalContainerEntityManagerFactoryBean.afterPropertiesSet(LocalContainerEntityManagerFactoryBean.java:341)
	at org.springframework.beans.factory.support.AbstractAutowireCapableBeanFactory.invokeInitMethods(AbstractAutowireCapableBeanFactory.java:1863)
	at org.springframework.beans.factory.support.AbstractAutowireCapableBeanFactory.initializeBean(AbstractAutowireCapableBeanFactory.java:1800)
	... 21 common frames omitted
2022-2022-05 11:31 [INFO][restartedMain][c.e.b.BookStoreApplication:55] Starting BookStoreApplication using Java 17.0.2 on Moin with PID 10996 (C:\Users\Moinuddin\Documents\Assignments\BookStore\target\classes started by Moinuddin in C:\Users\Moinuddin\Documents\Assignments\BookStore)
2022-2022-05 11:31 [INFO][restartedMain][c.e.b.BookStoreApplication:640] The following 1 profile is active: "dev"
2022-2022-05 11:31 [INFO][restartedMain][o.s.b.d.e.DevToolsPropertyDefaultsPostProcessor:255] Devtools property defaults active! Set 'spring.devtools.add-properties' to 'false' to disable
2022-2022-05 11:31 [INFO][restartedMain][o.s.b.d.e.DevToolsPropertyDefaultsPostProcessor:255] For additional web related logging consider setting the 'logging.level.web' property to 'DEBUG'
2022-2022-05 11:31 [INFO][restartedMain][o.s.d.r.c.RepositoryConfigurationDelegate:132] Bootstrapping Spring Data JPA repositories in DEFAULT mode.
2022-2022-05 11:31 [INFO][restartedMain][o.s.d.r.c.RepositoryConfigurationDelegate:201] Finished Spring Data repository scanning in 77 ms. Found 3 JPA repository interfaces.
2022-2022-05 11:31 [INFO][restartedMain][o.s.b.w.e.t.TomcatWebServer:108] Tomcat initialized with port(s): 8080 (http)
2022-2022-05 11:31 [INFO][restartedMain][o.a.c.c.StandardService:173] Starting service [Tomcat]
2022-2022-05 11:31 [INFO][restartedMain][o.a.c.c.StandardEngine:173] Starting Servlet engine: [Apache Tomcat/9.0.63]
2022-2022-05 11:31 [INFO][restartedMain][o.a.c.c.C.[.[.[/]:173] Initializing Spring embedded WebApplicationContext
2022-2022-05 11:31 [INFO][restartedMain][o.s.b.w.s.c.ServletWebServerApplicationContext:292] Root WebApplicationContext: initialization completed in 3133 ms
2022-2022-05 11:31 [INFO][restartedMain][o.h.j.i.u.LogHelper:31] HHH000204: Processing PersistenceUnitInfo [name: default]
2022-2022-05 11:31 [INFO][restartedMain][o.h.Version:44] HHH000412: Hibernate ORM core version 5.6.9.Final
2022-2022-05 11:31 [INFO][restartedMain][o.h.a.c.Version:56] HCANN000001: Hibernate Commons Annotations {5.1.2.Final}
2022-2022-05 11:31 [INFO][restartedMain][c.z.h.HikariDataSource:110] HikariPool-1 - Starting...
2022-2022-05 11:31 [INFO][restartedMain][c.z.h.HikariDataSource:123] HikariPool-1 - Start completed.
2022-2022-05 11:31 [INFO][restartedMain][o.h.d.Dialect:175] HHH000400: Using dialect: org.hibernate.dialect.MySQL8Dialect
2022-2022-05 11:31 [WARN][restartedMain][o.h.t.s.i.ExceptionHandlerLoggedImpl:27] GenerationTarget encountered exception accepting command : Error executing DDL "alter table book_cart drop foreign key FKjirkaf305sr0bus6d1vow11jd" via JDBC Statement
org.hibernate.tool.schema.spi.CommandAcceptanceException: Error executing DDL "alter table book_cart drop foreign key FKjirkaf305sr0bus6d1vow11jd" via JDBC Statement
	at org.hibernate.tool.schema.internal.exec.GenerationTargetToDatabase.accept(GenerationTargetToDatabase.java:67)
	at org.hibernate.tool.schema.internal.SchemaDropperImpl.applySqlString(SchemaDropperImpl.java:387)
	at org.hibernate.tool.schema.internal.SchemaDropperImpl.applySqlStrings(SchemaDropperImpl.java:371)
	at org.hibernate.tool.schema.internal.SchemaDropperImpl.applyConstraintDropping(SchemaDropperImpl.java:341)
	at org.hibernate.tool.schema.internal.SchemaDropperImpl.dropFromMetadata(SchemaDropperImpl.java:235)
	at org.hibernate.tool.schema.internal.SchemaDropperImpl.performDrop(SchemaDropperImpl.java:156)
	at org.hibernate.tool.schema.internal.SchemaDropperImpl.doDrop(SchemaDropperImpl.java:128)
	at org.hibernate.tool.schema.internal.SchemaDropperImpl.doDrop(SchemaDropperImpl.java:114)
	at org.hibernate.tool.schema.spi.SchemaManagementToolCoordinator.performDatabaseAction(SchemaManagementToolCoordinator.java:157)
	at org.hibernate.tool.schema.spi.SchemaManagementToolCoordinator.process(SchemaManagementToolCoordinator.java:85)
	at org.hibernate.internal.SessionFactoryImpl.<init>(SessionFactoryImpl.java:335)
	at org.hibernate.boot.internal.SessionFactoryBuilderImpl.build(SessionFactoryBuilderImpl.java:471)
	at org.hibernate.jpa.boot.internal.EntityManagerFactoryBuilderImpl.build(EntityManagerFactoryBuilderImpl.java:1498)
	at org.springframework.orm.jpa.vendor.SpringHibernateJpaPersistenceProvider.createContainerEntityManagerFactory(SpringHibernateJpaPersistenceProvider.java:58)
	at org.springframework.orm.jpa.LocalContainerEntityManagerFactoryBean.createNativeEntityManagerFactory(LocalContainerEntityManagerFactoryBean.java:365)
	at org.springframework.orm.jpa.AbstractEntityManagerFactoryBean.buildNativeEntityManagerFactory(AbstractEntityManagerFactoryBean.java:409)
	at org.springframework.orm.jpa.AbstractEntityManagerFactoryBean.afterPropertiesSet(AbstractEntityManagerFactoryBean.java:396)
	at org.springframework.orm.jpa.LocalContainerEntityManagerFactoryBean.afterPropertiesSet(LocalContainerEntityManagerFactoryBean.java:341)
	at org.springframework.beans.factory.support.AbstractAutowireCapableBeanFactory.invokeInitMethods(AbstractAutowireCapableBeanFactory.java:1863)
	at org.springframework.beans.factory.support.AbstractAutowireCapableBeanFactory.initializeBean(AbstractAutowireCapableBeanFactory.java:1800)
	at org.springframework.beans.factory.support.AbstractAutowireCapableBeanFactory.doCreateBean(AbstractAutowireCapableBeanFactory.java:620)
	at org.springframework.beans.factory.support.AbstractAutowireCapableBeanFactory.createBean(AbstractAutowireCapableBeanFactory.java:542)
	at org.springframework.beans.factory.support.AbstractBeanFactory.lambda$doGetBean$0(AbstractBeanFactory.java:335)
	at org.springframework.beans.factory.support.DefaultSingletonBeanRegistry.getSingleton(DefaultSingletonBeanRegistry.java:234)
	at org.springframework.beans.factory.support.AbstractBeanFactory.doGetBean(AbstractBeanFactory.java:333)
	at org.springframework.beans.factory.support.AbstractBeanFactory.getBean(AbstractBeanFactory.java:208)
	at org.springframework.context.support.AbstractApplicationContext.getBean(AbstractApplicationContext.java:1154)
	at org.springframework.context.support.AbstractApplicationContext.finishBeanFactoryInitialization(AbstractApplicationContext.java:908)
	at org.springframework.context.support.AbstractApplicationContext.refresh(AbstractApplicationContext.java:583)
	at org.springframework.boot.web.servlet.context.ServletWebServerApplicationContext.refresh(ServletWebServerApplicationContext.java:147)
	at org.springframework.boot.SpringApplication.refresh(SpringApplication.java:734)
	at org.springframework.boot.SpringApplication.refreshContext(SpringApplication.java:408)
	at org.springframework.boot.SpringApplication.run(SpringApplication.java:308)
	at org.springframework.boot.SpringApplication.run(SpringApplication.java:1306)
	at org.springframework.boot.SpringApplication.run(SpringApplication.java:1295)
	at com.example.bookstore.BookStoreApplication.main(BookStoreApplication.java:10)
	at java.base/jdk.internal.reflect.NativeMethodAccessorImpl.invoke0(Native Method)
	at java.base/jdk.internal.reflect.NativeMethodAccessorImpl.invoke(NativeMethodAccessorImpl.java:77)
	at java.base/jdk.internal.reflect.DelegatingMethodAccessorImpl.invoke(DelegatingMethodAccessorImpl.java:43)
	at java.base/java.lang.reflect.Method.invoke(Method.java:568)
	at org.springframework.boot.devtools.restart.RestartLauncher.run(RestartLauncher.java:49)
Caused by: java.sql.SQLSyntaxErrorException: Table 'books.book_cart' doesn't exist
	at com.mysql.cj.jdbc.exceptions.SQLError.createSQLException(SQLError.java:120)
	at com.mysql.cj.jdbc.exceptions.SQLExceptionsMapping.translateException(SQLExceptionsMapping.java:122)
	at com.mysql.cj.jdbc.StatementImpl.executeInternal(StatementImpl.java:763)
	at com.mysql.cj.jdbc.StatementImpl.execute(StatementImpl.java:648)
	at com.zaxxer.hikari.pool.ProxyStatement.execute(ProxyStatement.java:94)
	at com.zaxxer.hikari.pool.HikariProxyStatement.execute(HikariProxyStatement.java)
	at org.hibernate.tool.schema.internal.exec.GenerationTargetToDatabase.accept(GenerationTargetToDatabase.java:54)
	... 40 common frames omitted
2022-2022-05 11:31 [WARN][restartedMain][o.h.t.s.i.ExceptionHandlerLoggedImpl:27] GenerationTarget encountered exception accepting command : Error executing DDL "alter table book_cart drop foreign key FKtmfgsp2mapbb50qerjo1ngm97" via JDBC Statement
org.hibernate.tool.schema.spi.CommandAcceptanceException: Error executing DDL "alter table book_cart drop foreign key FKtmfgsp2mapbb50qerjo1ngm97" via JDBC Statement
	at org.hibernate.tool.schema.internal.exec.GenerationTargetToDatabase.accept(GenerationTargetToDatabase.java:67)
	at org.hibernate.tool.schema.internal.SchemaDropperImpl.applySqlString(SchemaDropperImpl.java:387)
	at org.hibernate.tool.schema.internal.SchemaDropperImpl.applySqlStrings(SchemaDropperImpl.java:371)
	at org.hibernate.tool.schema.internal.SchemaDropperImpl.applyConstraintDropping(SchemaDropperImpl.java:341)
	at org.hibernate.tool.schema.internal.SchemaDropperImpl.dropFromMetadata(SchemaDropperImpl.java:235)
	at org.hibernate.tool.schema.internal.SchemaDropperImpl.performDrop(SchemaDropperImpl.java:156)
	at org.hibernate.tool.schema.internal.SchemaDropperImpl.doDrop(SchemaDropperImpl.java:128)
	at org.hibernate.tool.schema.internal.SchemaDropperImpl.doDrop(SchemaDropperImpl.java:114)
	at org.hibernate.tool.schema.spi.SchemaManagementToolCoordinator.performDatabaseAction(SchemaManagementToolCoordinator.java:157)
	at org.hibernate.tool.schema.spi.SchemaManagementToolCoordinator.process(SchemaManagementToolCoordinator.java:85)
	at org.hibernate.internal.SessionFactoryImpl.<init>(SessionFactoryImpl.java:335)
	at org.hibernate.boot.internal.SessionFactoryBuilderImpl.build(SessionFactoryBuilderImpl.java:471)
	at org.hibernate.jpa.boot.internal.EntityManagerFactoryBuilderImpl.build(EntityManagerFactoryBuilderImpl.java:1498)
	at org.springframework.orm.jpa.vendor.SpringHibernateJpaPersistenceProvider.createContainerEntityManagerFactory(SpringHibernateJpaPersistenceProvider.java:58)
	at org.springframework.orm.jpa.LocalContainerEntityManagerFactoryBean.createNativeEntityManagerFactory(LocalContainerEntityManagerFactoryBean.java:365)
	at org.springframework.orm.jpa.AbstractEntityManagerFactoryBean.buildNativeEntityManagerFactory(AbstractEntityManagerFactoryBean.java:409)
	at org.springframework.orm.jpa.AbstractEntityManagerFactoryBean.afterPropertiesSet(AbstractEntityManagerFactoryBean.java:396)
	at org.springframework.orm.jpa.LocalContainerEntityManagerFactoryBean.afterPropertiesSet(LocalContainerEntityManagerFactoryBean.java:341)
	at org.springframework.beans.factory.support.AbstractAutowireCapableBeanFactory.invokeInitMethods(AbstractAutowireCapableBeanFactory.java:1863)
	at org.springframework.beans.factory.support.AbstractAutowireCapableBeanFactory.initializeBean(AbstractAutowireCapableBeanFactory.java:1800)
	at org.springframework.beans.factory.support.AbstractAutowireCapableBeanFactory.doCreateBean(AbstractAutowireCapableBeanFactory.java:620)
	at org.springframework.beans.factory.support.AbstractAutowireCapableBeanFactory.createBean(AbstractAutowireCapableBeanFactory.java:542)
	at org.springframework.beans.factory.support.AbstractBeanFactory.lambda$doGetBean$0(AbstractBeanFactory.java:335)
	at org.springframework.beans.factory.support.DefaultSingletonBeanRegistry.getSingleton(DefaultSingletonBeanRegistry.java:234)
	at org.springframework.beans.factory.support.AbstractBeanFactory.doGetBean(AbstractBeanFactory.java:333)
	at org.springframework.beans.factory.support.AbstractBeanFactory.getBean(AbstractBeanFactory.java:208)
	at org.springframework.context.support.AbstractApplicationContext.getBean(AbstractApplicationContext.java:1154)
	at org.springframework.context.support.AbstractApplicationContext.finishBeanFactoryInitialization(AbstractApplicationContext.java:908)
	at org.springframework.context.support.AbstractApplicationContext.refresh(AbstractApplicationContext.java:583)
	at org.springframework.boot.web.servlet.context.ServletWebServerApplicationContext.refresh(ServletWebServerApplicationContext.java:147)
	at org.springframework.boot.SpringApplication.refresh(SpringApplication.java:734)
	at org.springframework.boot.SpringApplication.refreshContext(SpringApplication.java:408)
	at org.springframework.boot.SpringApplication.run(SpringApplication.java:308)
	at org.springframework.boot.SpringApplication.run(SpringApplication.java:1306)
	at org.springframework.boot.SpringApplication.run(SpringApplication.java:1295)
	at com.example.bookstore.BookStoreApplication.main(BookStoreApplication.java:10)
	at java.base/jdk.internal.reflect.NativeMethodAccessorImpl.invoke0(Native Method)
	at java.base/jdk.internal.reflect.NativeMethodAccessorImpl.invoke(NativeMethodAccessorImpl.java:77)
	at java.base/jdk.internal.reflect.DelegatingMethodAccessorImpl.invoke(DelegatingMethodAccessorImpl.java:43)
	at java.base/java.lang.reflect.Method.invoke(Method.java:568)
	at org.springframework.boot.devtools.restart.RestartLauncher.run(RestartLauncher.java:49)
Caused by: java.sql.SQLSyntaxErrorException: Table 'books.book_cart' doesn't exist
	at com.mysql.cj.jdbc.exceptions.SQLError.createSQLException(SQLError.java:120)
	at com.mysql.cj.jdbc.exceptions.SQLExceptionsMapping.translateException(SQLExceptionsMapping.java:122)
	at com.mysql.cj.jdbc.StatementImpl.executeInternal(StatementImpl.java:763)
	at com.mysql.cj.jdbc.StatementImpl.execute(StatementImpl.java:648)
	at com.zaxxer.hikari.pool.ProxyStatement.execute(ProxyStatement.java:94)
	at com.zaxxer.hikari.pool.HikariProxyStatement.execute(HikariProxyStatement.java)
	at org.hibernate.tool.schema.internal.exec.GenerationTargetToDatabase.accept(GenerationTargetToDatabase.java:54)
	... 40 common frames omitted
2022-2022-05 11:31 [WARN][restartedMain][o.h.t.s.i.ExceptionHandlerLoggedImpl:27] GenerationTarget encountered exception accepting command : Error executing DDL "alter table cart drop foreign key FK5n0sq8ulj6ykdnrh4dnk0vfmw" via JDBC Statement
org.hibernate.tool.schema.spi.CommandAcceptanceException: Error executing DDL "alter table cart drop foreign key FK5n0sq8ulj6ykdnrh4dnk0vfmw" via JDBC Statement
	at org.hibernate.tool.schema.internal.exec.GenerationTargetToDatabase.accept(GenerationTargetToDatabase.java:67)
	at org.hibernate.tool.schema.internal.SchemaDropperImpl.applySqlString(SchemaDropperImpl.java:387)
	at org.hibernate.tool.schema.internal.SchemaDropperImpl.applySqlStrings(SchemaDropperImpl.java:371)
	at org.hibernate.tool.schema.internal.SchemaDropperImpl.applyConstraintDropping(SchemaDropperImpl.java:341)
	at org.hibernate.tool.schema.internal.SchemaDropperImpl.dropFromMetadata(SchemaDropperImpl.java:235)
	at org.hibernate.tool.schema.internal.SchemaDropperImpl.performDrop(SchemaDropperImpl.java:156)
	at org.hibernate.tool.schema.internal.SchemaDropperImpl.doDrop(SchemaDropperImpl.java:128)
	at org.hibernate.tool.schema.internal.SchemaDropperImpl.doDrop(SchemaDropperImpl.java:114)
	at org.hibernate.tool.schema.spi.SchemaManagementToolCoordinator.performDatabaseAction(SchemaManagementToolCoordinator.java:157)
	at org.hibernate.tool.schema.spi.SchemaManagementToolCoordinator.process(SchemaManagementToolCoordinator.java:85)
	at org.hibernate.internal.SessionFactoryImpl.<init>(SessionFactoryImpl.java:335)
	at org.hibernate.boot.internal.SessionFactoryBuilderImpl.build(SessionFactoryBuilderImpl.java:471)
	at org.hibernate.jpa.boot.internal.EntityManagerFactoryBuilderImpl.build(EntityManagerFactoryBuilderImpl.java:1498)
	at org.springframework.orm.jpa.vendor.SpringHibernateJpaPersistenceProvider.createContainerEntityManagerFactory(SpringHibernateJpaPersistenceProvider.java:58)
	at org.springframework.orm.jpa.LocalContainerEntityManagerFactoryBean.createNativeEntityManagerFactory(LocalContainerEntityManagerFactoryBean.java:365)
	at org.springframework.orm.jpa.AbstractEntityManagerFactoryBean.buildNativeEntityManagerFactory(AbstractEntityManagerFactoryBean.java:409)
	at org.springframework.orm.jpa.AbstractEntityManagerFactoryBean.afterPropertiesSet(AbstractEntityManagerFactoryBean.java:396)
	at org.springframework.orm.jpa.LocalContainerEntityManagerFactoryBean.afterPropertiesSet(LocalContainerEntityManagerFactoryBean.java:341)
	at org.springframework.beans.factory.support.AbstractAutowireCapableBeanFactory.invokeInitMethods(AbstractAutowireCapableBeanFactory.java:1863)
	at org.springframework.beans.factory.support.AbstractAutowireCapableBeanFactory.initializeBean(AbstractAutowireCapableBeanFactory.java:1800)
	at org.springframework.beans.factory.support.AbstractAutowireCapableBeanFactory.doCreateBean(AbstractAutowireCapableBeanFactory.java:620)
	at org.springframework.beans.factory.support.AbstractAutowireCapableBeanFactory.createBean(AbstractAutowireCapableBeanFactory.java:542)
	at org.springframework.beans.factory.support.AbstractBeanFactory.lambda$doGetBean$0(AbstractBeanFactory.java:335)
	at org.springframework.beans.factory.support.DefaultSingletonBeanRegistry.getSingleton(DefaultSingletonBeanRegistry.java:234)
	at org.springframework.beans.factory.support.AbstractBeanFactory.doGetBean(AbstractBeanFactory.java:333)
	at org.springframework.beans.factory.support.AbstractBeanFactory.getBean(AbstractBeanFactory.java:208)
	at org.springframework.context.support.AbstractApplicationContext.getBean(AbstractApplicationContext.java:1154)
	at org.springframework.context.support.AbstractApplicationContext.finishBeanFactoryInitialization(AbstractApplicationContext.java:908)
	at org.springframework.context.support.AbstractApplicationContext.refresh(AbstractApplicationContext.java:583)
	at org.springframework.boot.web.servlet.context.ServletWebServerApplicationContext.refresh(ServletWebServerApplicationContext.java:147)
	at org.springframework.boot.SpringApplication.refresh(SpringApplication.java:734)
	at org.springframework.boot.SpringApplication.refreshContext(SpringApplication.java:408)
	at org.springframework.boot.SpringApplication.run(SpringApplication.java:308)
	at org.springframework.boot.SpringApplication.run(SpringApplication.java:1306)
	at org.springframework.boot.SpringApplication.run(SpringApplication.java:1295)
	at com.example.bookstore.BookStoreApplication.main(BookStoreApplication.java:10)
	at java.base/jdk.internal.reflect.NativeMethodAccessorImpl.invoke0(Native Method)
	at java.base/jdk.internal.reflect.NativeMethodAccessorImpl.invoke(NativeMethodAccessorImpl.java:77)
	at java.base/jdk.internal.reflect.DelegatingMethodAccessorImpl.invoke(DelegatingMethodAccessorImpl.java:43)
	at java.base/java.lang.reflect.Method.invoke(Method.java:568)
	at org.springframework.boot.devtools.restart.RestartLauncher.run(RestartLauncher.java:49)
Caused by: java.sql.SQLSyntaxErrorException: Table 'books.cart' doesn't exist
	at com.mysql.cj.jdbc.exceptions.SQLError.createSQLException(SQLError.java:120)
	at com.mysql.cj.jdbc.exceptions.SQLExceptionsMapping.translateException(SQLExceptionsMapping.java:122)
	at com.mysql.cj.jdbc.StatementImpl.executeInternal(StatementImpl.java:763)
	at com.mysql.cj.jdbc.StatementImpl.execute(StatementImpl.java:648)
	at com.zaxxer.hikari.pool.ProxyStatement.execute(ProxyStatement.java:94)
	at com.zaxxer.hikari.pool.HikariProxyStatement.execute(HikariProxyStatement.java)
	at org.hibernate.tool.schema.internal.exec.GenerationTargetToDatabase.accept(GenerationTargetToDatabase.java:54)
	... 40 common frames omitted
2022-2022-05 11:31 [WARN][restartedMain][o.h.t.s.i.ExceptionHandlerLoggedImpl:27] GenerationTarget encountered exception accepting command : Error executing DDL "alter table cart drop foreign key FK45kh318jlvfel6pk3lwky6rqm" via JDBC Statement
org.hibernate.tool.schema.spi.CommandAcceptanceException: Error executing DDL "alter table cart drop foreign key FK45kh318jlvfel6pk3lwky6rqm" via JDBC Statement
	at org.hibernate.tool.schema.internal.exec.GenerationTargetToDatabase.accept(GenerationTargetToDatabase.java:67)
	at org.hibernate.tool.schema.internal.SchemaDropperImpl.applySqlString(SchemaDropperImpl.java:387)
	at org.hibernate.tool.schema.internal.SchemaDropperImpl.applySqlStrings(SchemaDropperImpl.java:371)
	at org.hibernate.tool.schema.internal.SchemaDropperImpl.applyConstraintDropping(SchemaDropperImpl.java:341)
	at org.hibernate.tool.schema.internal.SchemaDropperImpl.dropFromMetadata(SchemaDropperImpl.java:235)
	at org.hibernate.tool.schema.internal.SchemaDropperImpl.performDrop(SchemaDropperImpl.java:156)
	at org.hibernate.tool.schema.internal.SchemaDropperImpl.doDrop(SchemaDropperImpl.java:128)
	at org.hibernate.tool.schema.internal.SchemaDropperImpl.doDrop(SchemaDropperImpl.java:114)
	at org.hibernate.tool.schema.spi.SchemaManagementToolCoordinator.performDatabaseAction(SchemaManagementToolCoordinator.java:157)
	at org.hibernate.tool.schema.spi.SchemaManagementToolCoordinator.process(SchemaManagementToolCoordinator.java:85)
	at org.hibernate.internal.SessionFactoryImpl.<init>(SessionFactoryImpl.java:335)
	at org.hibernate.boot.internal.SessionFactoryBuilderImpl.build(SessionFactoryBuilderImpl.java:471)
	at org.hibernate.jpa.boot.internal.EntityManagerFactoryBuilderImpl.build(EntityManagerFactoryBuilderImpl.java:1498)
	at org.springframework.orm.jpa.vendor.SpringHibernateJpaPersistenceProvider.createContainerEntityManagerFactory(SpringHibernateJpaPersistenceProvider.java:58)
	at org.springframework.orm.jpa.LocalContainerEntityManagerFactoryBean.createNativeEntityManagerFactory(LocalContainerEntityManagerFactoryBean.java:365)
	at org.springframework.orm.jpa.AbstractEntityManagerFactoryBean.buildNativeEntityManagerFactory(AbstractEntityManagerFactoryBean.java:409)
	at org.springframework.orm.jpa.AbstractEntityManagerFactoryBean.afterPropertiesSet(AbstractEntityManagerFactoryBean.java:396)
	at org.springframework.orm.jpa.LocalContainerEntityManagerFactoryBean.afterPropertiesSet(LocalContainerEntityManagerFactoryBean.java:341)
	at org.springframework.beans.factory.support.AbstractAutowireCapableBeanFactory.invokeInitMethods(AbstractAutowireCapableBeanFactory.java:1863)
	at org.springframework.beans.factory.support.AbstractAutowireCapableBeanFactory.initializeBean(AbstractAutowireCapableBeanFactory.java:1800)
	at org.springframework.beans.factory.support.AbstractAutowireCapableBeanFactory.doCreateBean(AbstractAutowireCapableBeanFactory.java:620)
	at org.springframework.beans.factory.support.AbstractAutowireCapableBeanFactory.createBean(AbstractAutowireCapableBeanFactory.java:542)
	at org.springframework.beans.factory.support.AbstractBeanFactory.lambda$doGetBean$0(AbstractBeanFactory.java:335)
	at org.springframework.beans.factory.support.DefaultSingletonBeanRegistry.getSingleton(DefaultSingletonBeanRegistry.java:234)
	at org.springframework.beans.factory.support.AbstractBeanFactory.doGetBean(AbstractBeanFactory.java:333)
	at org.springframework.beans.factory.support.AbstractBeanFactory.getBean(AbstractBeanFactory.java:208)
	at org.springframework.context.support.AbstractApplicationContext.getBean(AbstractApplicationContext.java:1154)
	at org.springframework.context.support.AbstractApplicationContext.finishBeanFactoryInitialization(AbstractApplicationContext.java:908)
	at org.springframework.context.support.AbstractApplicationContext.refresh(AbstractApplicationContext.java:583)
	at org.springframework.boot.web.servlet.context.ServletWebServerApplicationContext.refresh(ServletWebServerApplicationContext.java:147)
	at org.springframework.boot.SpringApplication.refresh(SpringApplication.java:734)
	at org.springframework.boot.SpringApplication.refreshContext(SpringApplication.java:408)
	at org.springframework.boot.SpringApplication.run(SpringApplication.java:308)
	at org.springframework.boot.SpringApplication.run(SpringApplication.java:1306)
	at org.springframework.boot.SpringApplication.run(SpringApplication.java:1295)
	at com.example.bookstore.BookStoreApplication.main(BookStoreApplication.java:10)
	at java.base/jdk.internal.reflect.NativeMethodAccessorImpl.invoke0(Native Method)
	at java.base/jdk.internal.reflect.NativeMethodAccessorImpl.invoke(NativeMethodAccessorImpl.java:77)
	at java.base/jdk.internal.reflect.DelegatingMethodAccessorImpl.invoke(DelegatingMethodAccessorImpl.java:43)
	at java.base/java.lang.reflect.Method.invoke(Method.java:568)
	at org.springframework.boot.devtools.restart.RestartLauncher.run(RestartLauncher.java:49)
Caused by: java.sql.SQLSyntaxErrorException: Table 'books.cart' doesn't exist
	at com.mysql.cj.jdbc.exceptions.SQLError.createSQLException(SQLError.java:120)
	at com.mysql.cj.jdbc.exceptions.SQLExceptionsMapping.translateException(SQLExceptionsMapping.java:122)
	at com.mysql.cj.jdbc.StatementImpl.executeInternal(StatementImpl.java:763)
	at com.mysql.cj.jdbc.StatementImpl.execute(StatementImpl.java:648)
	at com.zaxxer.hikari.pool.ProxyStatement.execute(ProxyStatement.java:94)
	at com.zaxxer.hikari.pool.HikariProxyStatement.execute(HikariProxyStatement.java)
	at org.hibernate.tool.schema.internal.exec.GenerationTargetToDatabase.accept(GenerationTargetToDatabase.java:54)
	... 40 common frames omitted
2022-2022-05 11:31 [WARN][restartedMain][o.h.t.s.i.ExceptionHandlerLoggedImpl:27] GenerationTarget encountered exception accepting command : Error executing DDL "alter table user drop foreign key FKtqa69bib34k2c0jhe7afqsao6" via JDBC Statement
org.hibernate.tool.schema.spi.CommandAcceptanceException: Error executing DDL "alter table user drop foreign key FKtqa69bib34k2c0jhe7afqsao6" via JDBC Statement
	at org.hibernate.tool.schema.internal.exec.GenerationTargetToDatabase.accept(GenerationTargetToDatabase.java:67)
	at org.hibernate.tool.schema.internal.SchemaDropperImpl.applySqlString(SchemaDropperImpl.java:387)
	at org.hibernate.tool.schema.internal.SchemaDropperImpl.applySqlStrings(SchemaDropperImpl.java:371)
	at org.hibernate.tool.schema.internal.SchemaDropperImpl.applyConstraintDropping(SchemaDropperImpl.java:341)
	at org.hibernate.tool.schema.internal.SchemaDropperImpl.dropFromMetadata(SchemaDropperImpl.java:235)
	at org.hibernate.tool.schema.internal.SchemaDropperImpl.performDrop(SchemaDropperImpl.java:156)
	at org.hibernate.tool.schema.internal.SchemaDropperImpl.doDrop(SchemaDropperImpl.java:128)
	at org.hibernate.tool.schema.internal.SchemaDropperImpl.doDrop(SchemaDropperImpl.java:114)
	at org.hibernate.tool.schema.spi.SchemaManagementToolCoordinator.performDatabaseAction(SchemaManagementToolCoordinator.java:157)
	at org.hibernate.tool.schema.spi.SchemaManagementToolCoordinator.process(SchemaManagementToolCoordinator.java:85)
	at org.hibernate.internal.SessionFactoryImpl.<init>(SessionFactoryImpl.java:335)
	at org.hibernate.boot.internal.SessionFactoryBuilderImpl.build(SessionFactoryBuilderImpl.java:471)
	at org.hibernate.jpa.boot.internal.EntityManagerFactoryBuilderImpl.build(EntityManagerFactoryBuilderImpl.java:1498)
	at org.springframework.orm.jpa.vendor.SpringHibernateJpaPersistenceProvider.createContainerEntityManagerFactory(SpringHibernateJpaPersistenceProvider.java:58)
	at org.springframework.orm.jpa.LocalContainerEntityManagerFactoryBean.createNativeEntityManagerFactory(LocalContainerEntityManagerFactoryBean.java:365)
	at org.springframework.orm.jpa.AbstractEntityManagerFactoryBean.buildNativeEntityManagerFactory(AbstractEntityManagerFactoryBean.java:409)
	at org.springframework.orm.jpa.AbstractEntityManagerFactoryBean.afterPropertiesSet(AbstractEntityManagerFactoryBean.java:396)
	at org.springframework.orm.jpa.LocalContainerEntityManagerFactoryBean.afterPropertiesSet(LocalContainerEntityManagerFactoryBean.java:341)
	at org.springframework.beans.factory.support.AbstractAutowireCapableBeanFactory.invokeInitMethods(AbstractAutowireCapableBeanFactory.java:1863)
	at org.springframework.beans.factory.support.AbstractAutowireCapableBeanFactory.initializeBean(AbstractAutowireCapableBeanFactory.java:1800)
	at org.springframework.beans.factory.support.AbstractAutowireCapableBeanFactory.doCreateBean(AbstractAutowireCapableBeanFactory.java:620)
	at org.springframework.beans.factory.support.AbstractAutowireCapableBeanFactory.createBean(AbstractAutowireCapableBeanFactory.java:542)
	at org.springframework.beans.factory.support.AbstractBeanFactory.lambda$doGetBean$0(AbstractBeanFactory.java:335)
	at org.springframework.beans.factory.support.DefaultSingletonBeanRegistry.getSingleton(DefaultSingletonBeanRegistry.java:234)
	at org.springframework.beans.factory.support.AbstractBeanFactory.doGetBean(AbstractBeanFactory.java:333)
	at org.springframework.beans.factory.support.AbstractBeanFactory.getBean(AbstractBeanFactory.java:208)
	at org.springframework.context.support.AbstractApplicationContext.getBean(AbstractApplicationContext.java:1154)
	at org.springframework.context.support.AbstractApplicationContext.finishBeanFactoryInitialization(AbstractApplicationContext.java:908)
	at org.springframework.context.support.AbstractApplicationContext.refresh(AbstractApplicationContext.java:583)
	at org.springframework.boot.web.servlet.context.ServletWebServerApplicationContext.refresh(ServletWebServerApplicationContext.java:147)
	at org.springframework.boot.SpringApplication.refresh(SpringApplication.java:734)
	at org.springframework.boot.SpringApplication.refreshContext(SpringApplication.java:408)
	at org.springframework.boot.SpringApplication.run(SpringApplication.java:308)
	at org.springframework.boot.SpringApplication.run(SpringApplication.java:1306)
	at org.springframework.boot.SpringApplication.run(SpringApplication.java:1295)
	at com.example.bookstore.BookStoreApplication.main(BookStoreApplication.java:10)
	at java.base/jdk.internal.reflect.NativeMethodAccessorImpl.invoke0(Native Method)
	at java.base/jdk.internal.reflect.NativeMethodAccessorImpl.invoke(NativeMethodAccessorImpl.java:77)
	at java.base/jdk.internal.reflect.DelegatingMethodAccessorImpl.invoke(DelegatingMethodAccessorImpl.java:43)
	at java.base/java.lang.reflect.Method.invoke(Method.java:568)
	at org.springframework.boot.devtools.restart.RestartLauncher.run(RestartLauncher.java:49)
Caused by: java.sql.SQLSyntaxErrorException: Can't DROP 'FKtqa69bib34k2c0jhe7afqsao6'; check that column/key exists
	at com.mysql.cj.jdbc.exceptions.SQLError.createSQLException(SQLError.java:120)
	at com.mysql.cj.jdbc.exceptions.SQLExceptionsMapping.translateException(SQLExceptionsMapping.java:122)
	at com.mysql.cj.jdbc.StatementImpl.executeInternal(StatementImpl.java:763)
	at com.mysql.cj.jdbc.StatementImpl.execute(StatementImpl.java:648)
	at com.zaxxer.hikari.pool.ProxyStatement.execute(ProxyStatement.java:94)
	at com.zaxxer.hikari.pool.HikariProxyStatement.execute(HikariProxyStatement.java)
	at org.hibernate.tool.schema.internal.exec.GenerationTargetToDatabase.accept(GenerationTargetToDatabase.java:54)
	... 40 common frames omitted
2022-2022-05 11:31 [INFO][restartedMain][o.h.e.t.j.p.i.JtaPlatformInitiator:52] HHH000490: Using JtaPlatform implementation: [org.hibernate.engine.transaction.jta.platform.internal.NoJtaPlatform]
2022-2022-05 11:31 [INFO][restartedMain][o.s.o.j.LocalContainerEntityManagerFactoryBean:437] Initialized JPA EntityManagerFactory for persistence unit 'default'
2022-2022-05 11:31 [WARN][restartedMain][o.s.b.a.o.j.JpaBaseConfiguration$JpaWebConfiguration:219] spring.jpa.open-in-view is enabled by default. Therefore, database queries may be performed during view rendering. Explicitly configure spring.jpa.open-in-view to disable this warning
2022-2022-05 11:31 [WARN][restartedMain][o.s.b.a.t.ThymeleafAutoConfiguration$DefaultTemplateResolverConfiguration:103] Cannot find template location: classpath:/templates/ (please add some templates or check your Thymeleaf configuration)
2022-2022-05 11:31 [INFO][restartedMain][o.s.b.d.a.OptionalLiveReloadServer:58] LiveReload server is running on port 35729
2022-2022-05 11:31 [INFO][restartedMain][o.s.b.w.e.t.TomcatWebServer:220] Tomcat started on port(s): 8080 (http) with context path ''
2022-2022-05 11:31 [INFO][restartedMain][c.e.b.BookStoreApplication:61] Started BookStoreApplication in 9.811 seconds (JVM running for 10.922)
2022-2022-05 11:35 [INFO][http-nio-8080-exec-1][o.a.c.c.C.[.[.[/]:173] Initializing Spring DispatcherServlet 'dispatcherServlet'
2022-2022-05 11:35 [INFO][http-nio-8080-exec-1][o.s.w.s.DispatcherServlet:525] Initializing Servlet 'dispatcherServlet'
2022-2022-05 11:35 [INFO][http-nio-8080-exec-1][o.s.w.s.DispatcherServlet:547] Completed initialization in 3 ms
2022-2022-05 11:35 [WARN][http-nio-8080-exec-4][o.s.w.s.m.m.a.ExceptionHandlerExceptionResolver:208] Resolved [com.example.bookstore.exception.CustomException: Book  with id 1 does not exist in database..!]
2022-2022-05 11:40 [INFO][SpringApplicationShutdownHook][o.s.o.j.LocalContainerEntityManagerFactoryBean:651] Closing JPA EntityManagerFactory for persistence unit 'default'
2022-2022-05 11:40 [INFO][SpringApplicationShutdownHook][c.z.h.HikariDataSource:350] HikariPool-1 - Shutdown initiated...
2022-2022-05 11:40 [INFO][SpringApplicationShutdownHook][c.z.h.HikariDataSource:352] HikariPool-1 - Shutdown completed.
2022-2022-05 11:40 [INFO][restartedMain][c.e.b.BookStoreApplication:55] Starting BookStoreApplication using Java 17.0.2 on Moin with PID 14932 (C:\Users\Moinuddin\Documents\Assignments\BookStore\target\classes started by Moinuddin in C:\Users\Moinuddin\Documents\Assignments\BookStore)
2022-2022-05 11:40 [INFO][restartedMain][c.e.b.BookStoreApplication:640] The following 1 profile is active: "dev"
2022-2022-05 11:40 [INFO][restartedMain][o.s.b.d.e.DevToolsPropertyDefaultsPostProcessor:255] Devtools property defaults active! Set 'spring.devtools.add-properties' to 'false' to disable
2022-2022-05 11:40 [INFO][restartedMain][o.s.b.d.e.DevToolsPropertyDefaultsPostProcessor:255] For additional web related logging consider setting the 'logging.level.web' property to 'DEBUG'
2022-2022-05 11:40 [INFO][restartedMain][o.s.d.r.c.RepositoryConfigurationDelegate:132] Bootstrapping Spring Data JPA repositories in DEFAULT mode.
2022-2022-05 11:40 [INFO][restartedMain][o.s.d.r.c.RepositoryConfigurationDelegate:201] Finished Spring Data repository scanning in 112 ms. Found 3 JPA repository interfaces.
2022-2022-05 11:40 [INFO][restartedMain][o.s.b.w.e.t.TomcatWebServer:108] Tomcat initialized with port(s): 8080 (http)
2022-2022-05 11:40 [INFO][restartedMain][o.a.c.c.StandardService:173] Starting service [Tomcat]
2022-2022-05 11:40 [INFO][restartedMain][o.a.c.c.StandardEngine:173] Starting Servlet engine: [Apache Tomcat/9.0.63]
2022-2022-05 11:40 [INFO][restartedMain][o.a.c.c.C.[.[.[/]:173] Initializing Spring embedded WebApplicationContext
2022-2022-05 11:40 [INFO][restartedMain][o.s.b.w.s.c.ServletWebServerApplicationContext:292] Root WebApplicationContext: initialization completed in 3050 ms
2022-2022-05 11:40 [INFO][restartedMain][o.h.j.i.u.LogHelper:31] HHH000204: Processing PersistenceUnitInfo [name: default]
2022-2022-05 11:40 [INFO][restartedMain][o.h.Version:44] HHH000412: Hibernate ORM core version 5.6.9.Final
2022-2022-05 11:40 [INFO][restartedMain][o.h.a.c.Version:56] HCANN000001: Hibernate Commons Annotations {5.1.2.Final}
2022-2022-05 11:40 [INFO][restartedMain][c.z.h.HikariDataSource:110] HikariPool-1 - Starting...
2022-2022-05 11:40 [INFO][restartedMain][c.z.h.HikariDataSource:123] HikariPool-1 - Start completed.
2022-2022-05 11:40 [INFO][restartedMain][o.h.d.Dialect:175] HHH000400: Using dialect: org.hibernate.dialect.MySQL8Dialect
2022-2022-05 11:40 [INFO][restartedMain][o.h.e.t.j.p.i.JtaPlatformInitiator:52] HHH000490: Using JtaPlatform implementation: [org.hibernate.engine.transaction.jta.platform.internal.NoJtaPlatform]
2022-2022-05 11:40 [INFO][restartedMain][o.s.o.j.LocalContainerEntityManagerFactoryBean:437] Initialized JPA EntityManagerFactory for persistence unit 'default'
2022-2022-05 11:40 [WARN][restartedMain][o.s.b.a.o.j.JpaBaseConfiguration$JpaWebConfiguration:219] spring.jpa.open-in-view is enabled by default. Therefore, database queries may be performed during view rendering. Explicitly configure spring.jpa.open-in-view to disable this warning
2022-2022-05 11:40 [WARN][restartedMain][o.s.b.a.t.ThymeleafAutoConfiguration$DefaultTemplateResolverConfiguration:103] Cannot find template location: classpath:/templates/ (please add some templates or check your Thymeleaf configuration)
2022-2022-05 11:40 [INFO][restartedMain][o.s.b.d.a.OptionalLiveReloadServer:58] LiveReload server is running on port 35729
2022-2022-05 11:40 [INFO][restartedMain][o.s.b.w.e.t.TomcatWebServer:220] Tomcat started on port(s): 8080 (http) with context path ''
2022-2022-05 11:40 [INFO][restartedMain][c.e.b.BookStoreApplication:61] Started BookStoreApplication in 10.022 seconds (JVM running for 12.174)
2022-2022-05 11:40 [INFO][http-nio-8080-exec-2][o.a.c.c.C.[.[.[/]:173] Initializing Spring DispatcherServlet 'dispatcherServlet'
2022-2022-05 11:40 [INFO][http-nio-8080-exec-2][o.s.w.s.DispatcherServlet:525] Initializing Servlet 'dispatcherServlet'
2022-2022-05 11:40 [INFO][http-nio-8080-exec-2][o.s.w.s.DispatcherServlet:547] Completed initialization in 2 ms
